<?xml version="1.0" encoding="UTF-8"?>
<!-- Generated by org.testng.reporters.JUnitXMLReporter -->
<testsuite ignored="0" hostname="DESKTOP-TDJDA57" failures="4" tests="10" name="test" time="120.174" errors="0" timestamp="2024-05-18T18:11:35 IST">
  <testcase classname="testCase.TC_005_RegistrationDDTest" name="verify_registration" time="1.249">
    <failure type="java.lang.AssertionError" message="null">
      <![CDATA[java.lang.AssertionError: null
at testCase.TC_005_RegistrationDDTest.verify_registration(TC_005_RegistrationDDTest.java:54)
at java.base/java.util.ArrayList.forEach(ArrayList.java:1511)
... Removed 29 stack frames]]>
    </failure>
  </testcase> <!-- verify_registration -->
  <testcase classname="testCase.TC_005_RegistrationDDTest" name="verify_registration" time="5.49"/>
  <testcase classname="testCase.TC_005_RegistrationDDTest" name="verify_registration" time="4.87">
    <failure type="java.lang.AssertionError" message="null">
      <![CDATA[java.lang.AssertionError: null
at testCase.TC_005_RegistrationDDTest.verify_registration(TC_005_RegistrationDDTest.java:46)
at java.base/java.util.ArrayList.forEach(ArrayList.java:1511)
... Removed 29 stack frames]]>
    </failure>
  </testcase> <!-- verify_registration -->
  <testcase classname="testCase.TC_005_RegistrationDDTest" name="verify_registration" time="4.608">
    <failure type="java.lang.AssertionError" message="null">
      <![CDATA[java.lang.AssertionError: null
at testCase.TC_005_RegistrationDDTest.verify_registration(TC_005_RegistrationDDTest.java:46)
at java.base/java.util.ArrayList.forEach(ArrayList.java:1511)
... Removed 29 stack frames]]>
    </failure>
  </testcase> <!-- verify_registration -->
  <testcase classname="testCase.TC_005_RegistrationDDTest" name="verify_registration" time="11.549"/>
  <testcase classname="testCase.TC_005_RegistrationDDTest" name="verify_registration" time="5.036">
    <failure type="java.lang.AssertionError" message="null">
      <![CDATA[java.lang.AssertionError: null
at testCase.TC_005_RegistrationDDTest.verify_registration(TC_005_RegistrationDDTest.java:46)
at java.base/java.util.ArrayList.forEach(ArrayList.java:1511)
... Removed 29 stack frames]]>
    </failure>
  </testcase> <!-- verify_registration -->
  <testcase classname="testCase.TC_005_RegistrationDDTest" name="verify_registration" time="11.86"/>
  <testcase classname="testCase.TC_005_RegistrationDDTest" name="verify_registration" time="11.71"/>
  <testcase classname="testCase.TC_005_RegistrationDDTest" name="verify_registration" time="11.743"/>
  <testcase classname="testCase.TC_005_RegistrationDDTest" name="verify_registration" time="11.654"/>
</testsuite> <!-- test -->
