<?xml version="1.0" encoding="UTF-8"?>
<!-- Generated by org.testng.reporters.JUnitXMLReporter -->
<testsuite ignored="0" hostname="DESKTOP-TDJDA57" failures="0" tests="6" name="test" time="68.789" errors="0" timestamp="2024-05-11T11:09:01 IST">
  <testcase classname="testCase.TC_001_RegistrationTest" name="verify_account_registration" time="6.096"/>
  <testcase classname="testCase.TC_002_LoginTest" name="verify_login" time="2.142"/>
  <testcase classname="testCase.TC_003_LogindatadrivenTest" name="verify_login" time="11.323"/>
  <testcase classname="testCase.TC_003_LogindatadrivenTest" name="verify_login" time="10.892"/>
  <testcase classname="testCase.TC_003_LogindatadrivenTest" name="verify_login" time="10.951"/>
  <testcase classname="testCase.TC_003_LogindatadrivenTest" name="verify_login" time="1.475"/>
</testsuite> <!-- test -->
