<?xml version="1.0" encoding="UTF-8"?>
<!-- Generated by org.testng.reporters.JUnitXMLReporter -->
<testsuite ignored="0" hostname="DESKTOP-TDJDA57" failures="0" tests="6" name="test" time="69.926" errors="0" timestamp="2024-05-11T19:25:55 IST">
  <testcase classname="testCase.TC_001_RegistrationTest" name="verify_account_registration" time="4.331"/>
  <testcase classname="testCase.TC_002_LoginTest" name="verify_login" time="2.075"/>
  <testcase classname="testCase.TC_003_LogindatadrivenTest" name="verify_login" time="11.603"/>
  <testcase classname="testCase.TC_003_LogindatadrivenTest" name="verify_login" time="11.11"/>
  <testcase classname="testCase.TC_003_LogindatadrivenTest" name="verify_login" time="11.101"/>
  <testcase classname="testCase.TC_003_LogindatadrivenTest" name="verify_login" time="1.542"/>
</testsuite> <!-- test -->
