<?xml version="1.0" encoding="UTF-8"?>
<testng-results ignored="0" total="6" passed="6" failed="0" skipped="0">
  <reporter-output>
  </reporter-output>
  <suite started-at="2024-05-11T19:24:45 IST" name="Suite" finished-at="2024-05-11T19:25:55 IST" duration-ms="69926">
    <groups>
      <group name="regression">
        <method signature="TC_001_RegistrationTest.verify_account_registration()[pri:0, instance:testCase.TC_001_RegistrationTest@6e9175d8]" name="verify_account_registration" class="testCase.TC_001_RegistrationTest"/>
      </group> <!-- regression -->
      <group name="sanity">
        <method signature="TC_002_LoginTest.verify_login()[pri:0, instance:testCase.TC_002_LoginTest@470734c3]" name="verify_login" class="testCase.TC_002_LoginTest"/>
      </group> <!-- sanity -->
      <group name="master">
        <method signature="TC_001_RegistrationTest.verify_account_registration()[pri:0, instance:testCase.TC_001_RegistrationTest@6e9175d8]" name="verify_account_registration" class="testCase.TC_001_RegistrationTest"/>
        <method signature="TC_002_LoginTest.verify_login()[pri:0, instance:testCase.TC_002_LoginTest@470734c3]" name="verify_login" class="testCase.TC_002_LoginTest"/>
      </group> <!-- master -->
    </groups>
    <test started-at="2024-05-11T19:24:45 IST" name="test" finished-at="2024-05-11T19:25:55 IST" duration-ms="69926">
      <class name="testCase.TC_001_RegistrationTest">
        <test-method is-config="true" signature="setup(java.lang.String,java.lang.String)[pri:0, instance:testCase.TC_001_RegistrationTest@6e9175d8]" started-at="2024-05-11T19:24:45 IST" name="setup" finished-at="2024-05-11T19:24:54 IST" duration-ms="8989" status="PASS">
          <params>
            <param index="0">
              <value>
                <![CDATA[windows]]>
              </value>
            </param>
            <param index="1">
              <value>
                <![CDATA[chrome]]>
              </value>
            </param>
          </params>
          <reporter-output>
          </reporter-output>
        </test-method> <!-- setup -->
        <test-method signature="verify_account_registration()[pri:0, instance:testCase.TC_001_RegistrationTest@6e9175d8]" started-at="2024-05-11T19:24:54 IST" name="verify_account_registration" finished-at="2024-05-11T19:24:58 IST" duration-ms="4331" status="PASS">
          <reporter-output>
          </reporter-output>
        </test-method> <!-- verify_account_registration -->
        <test-method is-config="true" signature="tearDown()[pri:0, instance:testCase.TC_001_RegistrationTest@6e9175d8]" started-at="2024-05-11T19:24:58 IST" name="tearDown" finished-at="2024-05-11T19:24:59 IST" duration-ms="776" status="PASS">
          <reporter-output>
          </reporter-output>
        </test-method> <!-- tearDown -->
      </class> <!-- testCase.TC_001_RegistrationTest -->
      <class name="testCase.TC_002_LoginTest">
        <test-method is-config="true" signature="setup(java.lang.String,java.lang.String)[pri:0, instance:testCase.TC_002_LoginTest@470734c3]" started-at="2024-05-11T19:24:59 IST" name="setup" finished-at="2024-05-11T19:25:07 IST" duration-ms="8266" status="PASS">
          <params>
            <param index="0">
              <value>
                <![CDATA[windows]]>
              </value>
            </param>
            <param index="1">
              <value>
                <![CDATA[chrome]]>
              </value>
            </param>
          </params>
          <reporter-output>
          </reporter-output>
        </test-method> <!-- setup -->
        <test-method signature="verify_login()[pri:0, instance:testCase.TC_002_LoginTest@470734c3]" started-at="2024-05-11T19:25:07 IST" name="verify_login" finished-at="2024-05-11T19:25:09 IST" duration-ms="2075" status="PASS">
          <reporter-output>
          </reporter-output>
        </test-method> <!-- verify_login -->
        <test-method is-config="true" signature="tearDown()[pri:0, instance:testCase.TC_002_LoginTest@470734c3]" started-at="2024-05-11T19:25:09 IST" name="tearDown" finished-at="2024-05-11T19:25:10 IST" duration-ms="643" status="PASS">
          <reporter-output>
          </reporter-output>
        </test-method> <!-- tearDown -->
      </class> <!-- testCase.TC_002_LoginTest -->
      <class name="testCase.TC_003_LogindatadrivenTest">
        <test-method is-config="true" signature="setup(java.lang.String,java.lang.String)[pri:0, instance:testCase.TC_003_LogindatadrivenTest@2cf3d63b]" started-at="2024-05-11T19:25:10 IST" name="setup" finished-at="2024-05-11T19:25:18 IST" duration-ms="7691" status="PASS">
          <params>
            <param index="0">
              <value>
                <![CDATA[windows]]>
              </value>
            </param>
            <param index="1">
              <value>
                <![CDATA[chrome]]>
              </value>
            </param>
          </params>
          <reporter-output>
          </reporter-output>
        </test-method> <!-- setup -->
        <test-method signature="verify_login(java.lang.String,java.lang.String,java.lang.String)[pri:0, instance:testCase.TC_003_LogindatadrivenTest@2cf3d63b]" started-at="2024-05-11T19:25:19 IST" name="verify_login" data-provider="logindata" finished-at="2024-05-11T19:25:30 IST" duration-ms="11603" status="PASS">
          <params>
            <param index="0">
              <value>
                <![CDATA[abc@gmail.com]]>
              </value>
            </param>
            <param index="1">
              <value>
                <![CDATA[admin@123]]>
              </value>
            </param>
            <param index="2">
              <value>
                <![CDATA[Invalid]]>
              </value>
            </param>
          </params>
          <reporter-output>
          </reporter-output>
        </test-method> <!-- verify_login -->
        <test-method signature="verify_login(java.lang.String,java.lang.String,java.lang.String)[pri:0, instance:testCase.TC_003_LogindatadrivenTest@2cf3d63b]" started-at="2024-05-11T19:25:30 IST" name="verify_login" data-provider="logindata" finished-at="2024-05-11T19:25:41 IST" duration-ms="11110" status="PASS">
          <params>
            <param index="0">
              <value>
                <![CDATA[jkdnjekjf@gmail.com]]>
              </value>
            </param>
            <param index="1">
              <value>
                <![CDATA[admin@123]]>
              </value>
            </param>
            <param index="2">
              <value>
                <![CDATA[Invalid]]>
              </value>
            </param>
          </params>
          <reporter-output>
          </reporter-output>
        </test-method> <!-- verify_login -->
        <test-method signature="verify_login(java.lang.String,java.lang.String,java.lang.String)[pri:0, instance:testCase.TC_003_LogindatadrivenTest@2cf3d63b]" started-at="2024-05-11T19:25:41 IST" name="verify_login" data-provider="logindata" finished-at="2024-05-11T19:25:52 IST" duration-ms="11101" status="PASS">
          <params>
            <param index="0">
              <value>
                <![CDATA[abc@gmail.com]]>
              </value>
            </param>
            <param index="1">
              <value>
                <![CDATA[shiva2345]]>
              </value>
            </param>
            <param index="2">
              <value>
                <![CDATA[Invalid]]>
              </value>
            </param>
          </params>
          <reporter-output>
          </reporter-output>
        </test-method> <!-- verify_login -->
        <test-method signature="verify_login(java.lang.String,java.lang.String,java.lang.String)[pri:0, instance:testCase.TC_003_LogindatadrivenTest@2cf3d63b]" started-at="2024-05-11T19:25:52 IST" name="verify_login" data-provider="logindata" finished-at="2024-05-11T19:25:54 IST" duration-ms="1542" status="PASS">
          <params>
            <param index="0">
              <value>
                <![CDATA[admin@gmail.com]]>
              </value>
            </param>
            <param index="1">
              <value>
                <![CDATA[admin]]>
              </value>
            </param>
            <param index="2">
              <value>
                <![CDATA[Valid]]>
              </value>
            </param>
          </params>
          <reporter-output>
          </reporter-output>
        </test-method> <!-- verify_login -->
        <test-method is-config="true" signature="tearDown()[pri:0, instance:testCase.TC_003_LogindatadrivenTest@2cf3d63b]" started-at="2024-05-11T19:25:54 IST" name="tearDown" finished-at="2024-05-11T19:25:55 IST" duration-ms="682" status="PASS">
          <reporter-output>
          </reporter-output>
        </test-method> <!-- tearDown -->
      </class> <!-- testCase.TC_003_LogindatadrivenTest -->
    </test> <!-- test -->
  </suite> <!-- Suite -->
</testng-results>
