<?xml version="1.0" encoding="UTF-8"?>
<testsuite xmlns:xsi="http://www.w3.org/2001/XMLSchema-instance" xsi:noNamespaceSchemaLocation="https://maven.apache.org/surefire/maven-surefire-plugin/xsd/surefire-test-report-3.0.xsd" version="3.0" name="TestSuite" time="71.187" tests="6" errors="0" skipped="0" failures="0">
  <properties>
[...]
</properties>
  <testcase name="verify_account_registration" classname="testCase.TC_001_RegistrationTest" time="4.333">
    <system-err><![CDATA[SLF4J: Failed to load class "org.slf4j.impl.StaticLoggerBinder".
SLF4J: Defaulting to no-operation (NOP) logger implementation
SLF4J: See http://www.slf4j.org/codes.html#StaticLoggerBinder for further details.
]]></system-err>
  </testcase>
  <testcase name="verify_login" classname="testCase.TC_002_LoginTest" time="2.077"/>
  <testcase name="verify_login[abc@gmail.com, admin@123, Invalid](1)" classname="testCase.TC_003_LogindatadrivenTest" time="11.601"/>
  <testcase name="verify_login[jkdnjekjf@gmail.com, admin@123, Invalid](2)" classname="testCase.TC_003_LogindatadrivenTest" time="11.11"/>
  <testcase name="verify_login[abc@gmail.com, shiva2345, Invalid](3)" classname="testCase.TC_003_LogindatadrivenTest" time="11.101"/>
  <testcase name="verify_login[admin@gmail.com, admin, Valid](4)" classname="testCase.TC_003_LogindatadrivenTest" time="1.543"/>
</testsuite>