<?xml version="1.0" encoding="UTF-8"?>
<testng-results ignored="0" total="6" passed="6" failed="0" skipped="0">
  <reporter-output>
  </reporter-output>
  <suite started-at="2024-05-11T11:07:51 IST" name="Suite" finished-at="2024-05-11T11:08:59 IST" duration-ms="68789">
    <groups>
      <group name="regression">
        <method signature="TC_001_RegistrationTest.verify_account_registration()[pri:0, instance:testCase.TC_001_RegistrationTest@1cf6d1be]" name="verify_account_registration" class="testCase.TC_001_RegistrationTest"/>
      </group> <!-- regression -->
      <group name="sanity">
        <method signature="TC_002_LoginTest.verify_login()[pri:0, instance:testCase.TC_002_LoginTest@6bbe85a8]" name="verify_login" class="testCase.TC_002_LoginTest"/>
      </group> <!-- sanity -->
      <group name="master">
        <method signature="TC_001_RegistrationTest.verify_account_registration()[pri:0, instance:testCase.TC_001_RegistrationTest@1cf6d1be]" name="verify_account_registration" class="testCase.TC_001_RegistrationTest"/>
        <method signature="TC_002_LoginTest.verify_login()[pri:0, instance:testCase.TC_002_LoginTest@6bbe85a8]" name="verify_login" class="testCase.TC_002_LoginTest"/>
      </group> <!-- master -->
    </groups>
    <test started-at="2024-05-11T11:07:51 IST" name="test" finished-at="2024-05-11T11:08:59 IST" duration-ms="68789">
      <class name="testCase.TC_001_RegistrationTest">
        <test-method is-config="true" signature="setup(java.lang.String,java.lang.String)[pri:0, instance:testCase.TC_001_RegistrationTest@1cf6d1be]" started-at="2024-05-11T11:07:51 IST" name="setup" finished-at="2024-05-11T11:08:00 IST" duration-ms="8920" status="PASS">
          <params>
            <param index="0">
              <value>
                <![CDATA[windows]]>
              </value>
            </param>
            <param index="1">
              <value>
                <![CDATA[chrome]]>
              </value>
            </param>
          </params>
          <reporter-output>
          </reporter-output>
        </test-method> <!-- setup -->
        <test-method signature="verify_account_registration()[pri:0, instance:testCase.TC_001_RegistrationTest@1cf6d1be]" started-at="2024-05-11T11:08:00 IST" name="verify_account_registration" finished-at="2024-05-11T11:08:06 IST" duration-ms="6096" status="PASS">
          <reporter-output>
          </reporter-output>
        </test-method> <!-- verify_account_registration -->
        <test-method is-config="true" signature="tearDown()[pri:0, instance:testCase.TC_001_RegistrationTest@1cf6d1be]" started-at="2024-05-11T11:08:06 IST" name="tearDown" finished-at="2024-05-11T11:08:07 IST" duration-ms="797" status="PASS">
          <reporter-output>
          </reporter-output>
        </test-method> <!-- tearDown -->
      </class> <!-- testCase.TC_001_RegistrationTest -->
      <class name="testCase.TC_002_LoginTest">
        <test-method is-config="true" signature="setup(java.lang.String,java.lang.String)[pri:0, instance:testCase.TC_002_LoginTest@6bbe85a8]" started-at="2024-05-11T11:08:07 IST" name="setup" finished-at="2024-05-11T11:08:15 IST" duration-ms="8071" status="PASS">
          <params>
            <param index="0">
              <value>
                <![CDATA[windows]]>
              </value>
            </param>
            <param index="1">
              <value>
                <![CDATA[chrome]]>
              </value>
            </param>
          </params>
          <reporter-output>
          </reporter-output>
        </test-method> <!-- setup -->
        <test-method signature="verify_login()[pri:0, instance:testCase.TC_002_LoginTest@6bbe85a8]" started-at="2024-05-11T11:08:15 IST" name="verify_login" finished-at="2024-05-11T11:08:17 IST" duration-ms="2142" status="PASS">
          <reporter-output>
          </reporter-output>
        </test-method> <!-- verify_login -->
        <test-method is-config="true" signature="tearDown()[pri:0, instance:testCase.TC_002_LoginTest@6bbe85a8]" started-at="2024-05-11T11:08:17 IST" name="tearDown" finished-at="2024-05-11T11:08:17 IST" duration-ms="394" status="PASS">
          <reporter-output>
          </reporter-output>
        </test-method> <!-- tearDown -->
      </class> <!-- testCase.TC_002_LoginTest -->
      <class name="testCase.TC_003_LogindatadrivenTest">
        <test-method is-config="true" signature="setup(java.lang.String,java.lang.String)[pri:0, instance:testCase.TC_003_LogindatadrivenTest@3a7442c7]" started-at="2024-05-11T11:08:17 IST" name="setup" finished-at="2024-05-11T11:08:24 IST" duration-ms="6177" status="PASS">
          <params>
            <param index="0">
              <value>
                <![CDATA[windows]]>
              </value>
            </param>
            <param index="1">
              <value>
                <![CDATA[chrome]]>
              </value>
            </param>
          </params>
          <reporter-output>
          </reporter-output>
        </test-method> <!-- setup -->
        <test-method signature="verify_login(java.lang.String,java.lang.String,java.lang.String)[pri:0, instance:testCase.TC_003_LogindatadrivenTest@3a7442c7]" started-at="2024-05-11T11:08:24 IST" name="verify_login" data-provider="logindata" finished-at="2024-05-11T11:08:36 IST" duration-ms="11323" status="PASS">
          <params>
            <param index="0">
              <value>
                <![CDATA[abc@gmail.com]]>
              </value>
            </param>
            <param index="1">
              <value>
                <![CDATA[admin@123]]>
              </value>
            </param>
            <param index="2">
              <value>
                <![CDATA[Invalid]]>
              </value>
            </param>
          </params>
          <reporter-output>
          </reporter-output>
        </test-method> <!-- verify_login -->
        <test-method signature="verify_login(java.lang.String,java.lang.String,java.lang.String)[pri:0, instance:testCase.TC_003_LogindatadrivenTest@3a7442c7]" started-at="2024-05-11T11:08:36 IST" name="verify_login" data-provider="logindata" finished-at="2024-05-11T11:08:47 IST" duration-ms="10892" status="PASS">
          <params>
            <param index="0">
              <value>
                <![CDATA[jkdnjekjf@gmail.com]]>
              </value>
            </param>
            <param index="1">
              <value>
                <![CDATA[admin@123]]>
              </value>
            </param>
            <param index="2">
              <value>
                <![CDATA[Invalid]]>
              </value>
            </param>
          </params>
          <reporter-output>
          </reporter-output>
        </test-method> <!-- verify_login -->
        <test-method signature="verify_login(java.lang.String,java.lang.String,java.lang.String)[pri:0, instance:testCase.TC_003_LogindatadrivenTest@3a7442c7]" started-at="2024-05-11T11:08:47 IST" name="verify_login" data-provider="logindata" finished-at="2024-05-11T11:08:58 IST" duration-ms="10951" status="PASS">
          <params>
            <param index="0">
              <value>
                <![CDATA[abc@gmail.com]]>
              </value>
            </param>
            <param index="1">
              <value>
                <![CDATA[shiva2345]]>
              </value>
            </param>
            <param index="2">
              <value>
                <![CDATA[Invalid]]>
              </value>
            </param>
          </params>
          <reporter-output>
          </reporter-output>
        </test-method> <!-- verify_login -->
        <test-method signature="verify_login(java.lang.String,java.lang.String,java.lang.String)[pri:0, instance:testCase.TC_003_LogindatadrivenTest@3a7442c7]" started-at="2024-05-11T11:08:58 IST" name="verify_login" data-provider="logindata" finished-at="2024-05-11T11:08:59 IST" duration-ms="1475" status="PASS">
          <params>
            <param index="0">
              <value>
                <![CDATA[admin@gmail.com]]>
              </value>
            </param>
            <param index="1">
              <value>
                <![CDATA[admin]]>
              </value>
            </param>
            <param index="2">
              <value>
                <![CDATA[Valid]]>
              </value>
            </param>
          </params>
          <reporter-output>
          </reporter-output>
        </test-method> <!-- verify_login -->
        <test-method is-config="true" signature="tearDown()[pri:0, instance:testCase.TC_003_LogindatadrivenTest@3a7442c7]" started-at="2024-05-11T11:08:59 IST" name="tearDown" finished-at="2024-05-11T11:08:59 IST" duration-ms="342" status="PASS">
          <reporter-output>
          </reporter-output>
        </test-method> <!-- tearDown -->
      </class> <!-- testCase.TC_003_LogindatadrivenTest -->
    </test> <!-- test -->
  </suite> <!-- Suite -->
</testng-results>
